Arguments: 
  D:\Develop\node\node.exe D:\Develop\yarn\bin\yarn.js install

PATH: 
  F:\Git\mingw64\bin;F:\Git\usr\bin;C:\Users\admin\bin;C:\Users\admin\Desktop\demo\snakeEat\node_modules\.bin;D:\Develop\xftp;C:\WINDOWS\system32;C:\WINDOWS;C:\WINDOWS\System32\Wbem;C:\WINDOWS\System32\WindowsPowerShell\v1.0;C:\WINDOWS\System32\OpenSSH;D:\Develop\node;C:\ProgramData\chocolatey\bin;D:\Develop\yarn\bin;C:\Users\admin\AppData\Local\Microsoft\WindowsApps;C:\Users\admin\AppData\Roaming\npm;C:\Users\admin\AppData\Local\Yarn\bin

Yarn version: 
  1.22.5

Node version: 
  14.16.0

Platform: 
  win32 x64

Trace: 
  SyntaxError: C:\Users\admin\Desktop\demo\snakeEat\package.json: Unexpected end of JSON input
      at JSON.parse (<anonymous>)
      at D:\Develop\yarn\lib\cli.js:1625:59
      at Generator.next (<anonymous>)
      at step (D:\Develop\yarn\lib\cli.js:310:30)
      at D:\Develop\yarn\lib\cli.js:321:13

npm manifest: 
  

yarn manifest: 
  No manifest

Lockfile: 
  No lockfile
